<?xml version="1.0" encoding="UTF-8"?>
<testng-results skipped="0" failed="0" total="1" passed="1">
  <reporter-output>
  </reporter-output>
  <suite name="Surefire suite" duration-ms="8823" started-at="2021-07-13T13:34:28Z" finished-at="2021-07-13T13:34:37Z">
    <groups>
    </groups>
    <test name="Surefire test" duration-ms="8823" started-at="2021-07-13T13:34:28Z" finished-at="2021-07-13T13:34:37Z">
      <class name="com.springtestNG.test.SpringBootHelloWorldTests">
        <test-method status="PASS" signature="springTestContextBeforeTestClass()[pri:0, instance:com.springtestNG.test.SpringBootHelloWorldTests@587c290d]" name="springTestContextBeforeTestClass" is-config="true" duration-ms="70" started-at="2021-07-13T19:04:28Z" finished-at="2021-07-13T19:04:28Z">
          <reporter-output>
          </reporter-output>
        </test-method> <!-- springTestContextBeforeTestClass -->
        <test-method status="PASS" signature="springTestContextPrepareTestInstance()[pri:0, instance:com.springtestNG.test.SpringBootHelloWorldTests@587c290d]" name="springTestContextPrepareTestInstance" is-config="true" duration-ms="8230" started-at="2021-07-13T19:04:28Z" depends-on-methods="org.springframework.test.context.testng.AbstractTestNGSpringContextTests.springTestContextBeforeTestClass" finished-at="2021-07-13T19:04:36Z">
          <reporter-output>
          </reporter-output>
        </test-method> <!-- springTestContextPrepareTestInstance -->
        <test-method status="PASS" signature="setup()[pri:0, instance:com.springtestNG.test.SpringBootHelloWorldTests@587c290d]" name="setup" is-config="true" duration-ms="71" started-at="2021-07-13T19:04:36Z" finished-at="2021-07-13T19:04:37Z">
          <reporter-output>
          </reporter-output>
        </test-method> <!-- setup -->
        <test-method status="PASS" signature="springTestContextBeforeTestMethod(java.lang.reflect.Method)[pri:0, instance:com.springtestNG.test.SpringBootHelloWorldTests@587c290d]" name="springTestContextBeforeTestMethod" is-config="true" duration-ms="4" started-at="2021-07-13T19:04:37Z" finished-at="2021-07-13T19:04:37Z">
          <params>
            <param index="0">
              <value>
                <![CDATA[public void com.springtestNG.test.SpringBootHelloWorldTests.testEmployee() throws java.lang.Exception]]>
              </value>
            </param>
          </params>
          <reporter-output>
          </reporter-output>
        </test-method> <!-- springTestContextBeforeTestMethod -->
        <test-method status="PASS" signature="testEmployee()[pri:0, instance:com.springtestNG.test.SpringBootHelloWorldTests@587c290d]" name="testEmployee" duration-ms="408" started-at="2021-07-13T19:04:37Z" finished-at="2021-07-13T19:04:37Z">
          <reporter-output>
          </reporter-output>
        </test-method> <!-- testEmployee -->
        <test-method status="PASS" signature="springTestContextAfterTestMethod(java.lang.reflect.Method)[pri:0, instance:com.springtestNG.test.SpringBootHelloWorldTests@587c290d]" name="springTestContextAfterTestMethod" is-config="true" duration-ms="0" started-at="2021-07-13T19:04:37Z" finished-at="2021-07-13T19:04:37Z">
          <params>
            <param index="0">
              <value>
                <![CDATA[public void com.springtestNG.test.SpringBootHelloWorldTests.testEmployee() throws java.lang.Exception]]>
              </value>
            </param>
          </params>
          <reporter-output>
          </reporter-output>
        </test-method> <!-- springTestContextAfterTestMethod -->
        <test-method status="PASS" signature="springTestContextAfterTestClass()[pri:0, instance:com.springtestNG.test.SpringBootHelloWorldTests@587c290d]" name="springTestContextAfterTestClass" is-config="true" duration-ms="9" started-at="2021-07-13T19:04:37Z" finished-at="2021-07-13T19:04:37Z">
          <reporter-output>
          </reporter-output>
        </test-method> <!-- springTestContextAfterTestClass -->
      </class> <!-- com.springtestNG.test.SpringBootHelloWorldTests -->
    </test> <!-- Surefire test -->
  </suite> <!-- Surefire suite -->
</testng-results>
